TN:
SF:app.js
FN:10,(anonymous_0)
FN:15,(anonymous_1)
FN:17,(anonymous_2)
FN:26,(anonymous_3)
FN:38,(anonymous_4)
FN:40,(anonymous_5)
FN:52,(anonymous_6)
FN:54,(anonymous_7)
FNF:8
FNH:8
FNDA:1,(anonymous_0)
FNDA:2,(anonymous_1)
FNDA:3,(anonymous_2)
FNDA:2,(anonymous_3)
FNDA:3,(anonymous_4)
FNDA:6,(anonymous_5)
FNDA:2,(anonymous_6)
FNDA:4,(anonymous_7)
DA:1,1
DA:2,1
DA:3,1
DA:4,1
DA:10,1
DA:11,1
DA:15,1
DA:16,2
DA:17,3
DA:18,2
DA:19,1
DA:21,1
DA:26,1
DA:27,2
DA:33,2
DA:34,2
DA:38,1
DA:39,3
DA:40,6
DA:41,3
DA:42,2
DA:43,2
DA:44,2
DA:45,2
DA:47,1
DA:52,1
DA:53,2
DA:54,4
DA:55,2
DA:56,1
DA:57,1
DA:59,1
DA:62,1
LF:33
LH:33
BRDA:18,0,0,1
BRDA:18,0,1,1
BRDA:41,1,0,2
BRDA:41,1,1,1
BRDA:42,2,0,2
BRDA:42,2,1,1
BRDA:43,3,0,2
BRDA:43,3,1,1
BRDA:44,4,0,2
BRDA:44,4,1,2
BRDA:55,5,0,1
BRDA:55,5,1,1
BRF:12
BRH:12
end_of_record
